<?xml version="1.0" encoding="UTF-8"?>
<!-- Generated by org.testng.reporters.JUnitXMLReporter -->
<testsuite ignored="0" hostname="ubuntup51" failures="0" tests="4" name="Default test" time="0.048" errors="0" timestamp="2023-11-18T09:03:22 PST">
  <testcase classname="autoLessons.ParallelTest" name="testMethod1" time="0.008"/>
  <testcase classname="autoLessons.ParallelTest" name="testMethod2" time="0.002"/>
  <testcase classname="autoLessons.ParallelTest" name="testMethod3" time="0.001"/>
  <testcase classname="autoLessons.ParallelTest" name="testMethod4" time="0.001"/>
</testsuite> <!-- Default test -->
