<?xml version="1.0" encoding="UTF-8"?>
<!-- Generated by org.testng.reporters.JUnitXMLReporter -->
<testsuite ignored="0" hostname="ubuntup51" failures="0" tests="12" name="All" time="0.063" errors="0" timestamp="2023-11-18T10:01:21 PST">
  <testcase classname="autoLessons.ParallelTest" name="testMethod2" time="0.011"/>
  <testcase classname="autoLessons.ParallelTest" name="testMethod1" time="0.011"/>
  <testcase classname="autoLessons.ParallelTest" name="testMethod3" time="0.002"/>
  <testcase classname="autoLessons.ParallelTest" name="testMethod4" time="0.003"/>
  <testcase classname="autoLessons.ParallelTest2" name="testMethod5" time="0.001"/>
  <testcase classname="autoLessons.ParallelTest2" name="testMethod6" time="0.002"/>
  <testcase classname="autoLessons.ParallelTest2" name="testMethod7" time="0.001"/>
  <testcase classname="autoLessons.ParallelTest2" name="testMethod8" time="0.001"/>
  <testcase classname="autoLessons.ParallelTest3" name="testMethod9" time="0.002"/>
  <testcase classname="autoLessons.ParallelTest3" name="testMethod99" time="0.001"/>
  <testcase classname="autoLessons.ParallelTest3" name="testMethod999" time="0.001"/>
  <testcase classname="autoLessons.ParallelTest3" name="testMethod9999" time="0.001"/>
</testsuite> <!-- All -->
