<?xml version="1.0" encoding="UTF-8"?>
<!-- Generated by org.testng.reporters.JUnitXMLReporter -->
<testsuite ignored="1" hostname="ubuntup51" failures="1" tests="1" name="Facebook" time="12.738" errors="0" timestamp="2023-11-21T11:46:20 PST">
  <testcase classname="extentReports.Launch" name="LaunchFacebook" time="11.004">
    <failure type="java.lang.AssertionError" message="Log into Facebook expected:&amp;lt;Log into Facebook&amp;gt; but was:&amp;lt;Title is mismatched&amp;gt;">
      <![CDATA[java.lang.AssertionError: Log into Facebook expected:<Log into Facebook> but was:<Title is mismatched>
at extentReports.Launch.LaunchFacebook(Launch.java:33)
at java.base/java.util.ArrayList.forEach(ArrayList.java:1511)
... Removed 26 stack frames]]>
    </failure>
  </testcase> <!-- LaunchFacebook -->
  <testcase classname="extentReports.Launch" name="OrangeHRMLoginTest" time="0.0">
    <ignored/>
  </testcase> <!-- OrangeHRMLoginTest -->
</testsuite> <!-- Facebook -->
