<?xml version="1.0" encoding="UTF-8"?>
<!-- Generated by org.testng.reporters.JUnitXMLReporter -->
<testsuite ignored="1" hostname="ubuntup51" failures="0" tests="1" name="OrangeHRM_FireFox" time="10.332" errors="0" timestamp="2023-11-21T11:05:02 PST">
  <testcase classname="extentReports.Launch" name="OrangeHRMLoginTest" time="7.82"/>
  <testcase classname="extentReports.Launch" name="LaunchFacebook" time="0.0">
    <ignored/>
  </testcase> <!-- LaunchFacebook -->
</testsuite> <!-- OrangeHRM_FireFox -->
