<?xml version="1.0" encoding="UTF-8"?>
<!-- Generated by org.testng.reporters.JUnitXMLReporter -->
<testsuite ignored="1" hostname="ubuntup51" failures="0" tests="1" name="OrangeHRM_Edge" time="7.182" errors="0" timestamp="2023-11-21T11:46:38 PST">
  <testcase classname="extentReports.Launch" name="OrangeHRMLoginTest" time="5.456"/>
  <testcase classname="extentReports.Launch" name="LaunchFacebook" time="0.0">
    <ignored/>
  </testcase> <!-- LaunchFacebook -->
</testsuite> <!-- OrangeHRM_Edge -->
