<?xml version="1.0" encoding="UTF-8"?>
<!-- Generated by org.testng.reporters.JUnitXMLReporter -->
<testsuite ignored="0" hostname="ubuntup51" failures="0" tests="4" name="ParallelTest3" time="0.008" errors="0" timestamp="2023-11-18T10:01:21 PST">
  <testcase classname="autoLessons.ParallelTest3" name="testMethod99" time="0.001"/>
  <testcase classname="autoLessons.ParallelTest3" name="testMethod9" time="0.002"/>
  <testcase classname="autoLessons.ParallelTest3" name="testMethod999" time="0.001"/>
  <testcase classname="autoLessons.ParallelTest3" name="testMethod9999" time="0.001"/>
</testsuite> <!-- ParallelTest3 -->
