<?xml version="1.0" encoding="UTF-8"?>
<!-- Generated by org.testng.reporters.JUnitXMLReporter -->
<testsuite ignored="0" hostname="ubuntup51" failures="0" tests="4" name="ParallelTest2" time="0.009" errors="0" timestamp="2023-11-18T10:01:21 PST">
  <testcase classname="autoLessons.ParallelTest2" name="testMethod5" time="0.001"/>
  <testcase classname="autoLessons.ParallelTest2" name="testMethod6" time="0.001"/>
  <testcase classname="autoLessons.ParallelTest2" name="testMethod7" time="0.001"/>
  <testcase classname="autoLessons.ParallelTest2" name="testMethod8" time="0.001"/>
</testsuite> <!-- ParallelTest2 -->
