<?xml version="1.0" encoding="UTF-8"?>
<!-- Generated by org.testng.reporters.JUnitXMLReporter -->
<testsuite ignored="1" hostname="ubuntup51" failures="1" tests="1" name="Screenshot_Test" time="5.02" errors="0" timestamp="2023-11-21T10:46:37 PST">
  <testcase classname="screenshots.Screenshot_Test" name="LoginTest" time="3.191">
    <failure type="java.lang.NullPointerException" message="Cannot invoke &amp;quot;org.openqa.selenium.support.ui.WebDriverWait.until(java.util.function.Function)&amp;quot; because &amp;quot;screenshots.Screenshot_Test.wait&amp;quot; is null">
      <![CDATA[java.lang.NullPointerException: Cannot invoke "org.openqa.selenium.support.ui.WebDriverWait.until(java.util.function.Function)" because "screenshots.Screenshot_Test.wait" is null
at screenshots.Screenshot_Test.LoginTest(Screenshot_Test.java:29)
at java.base/java.util.ArrayList.forEach(ArrayList.java:1511)
... Removed 25 stack frames]]>
    </failure>
  </testcase> <!-- LoginTest -->
  <testcase classname="screenshots.Screenshot_Test" name="LoginTest1" time="0.0">
    <ignored/>
  </testcase> <!-- LoginTest1 -->
</testsuite> <!-- Screenshot_Test -->
