<?xml version="1.0" encoding="UTF-8"?>
<!-- Generated by org.testng.reporters.JUnitXMLReporter -->
<testsuite ignored="0" hostname="ubuntup51" failures="1" tests="2" name="Test" time="19.985" errors="0" timestamp="2023-11-21T08:03:55 PST">
  <testcase classname="extentReports.Launch" name="LaunchFacebook" time="12.26">
    <failure type="java.lang.AssertionError" message="Log into Facebook expected:&amp;lt;Log into Facebook&amp;gt; but was:&amp;lt;Title is mismatched&amp;gt;">
      <![CDATA[java.lang.AssertionError: Log into Facebook expected:<Log into Facebook> but was:<Title is mismatched>
at extentReports.Launch.LaunchFacebook(Launch.java:32)
at java.base/java.util.ArrayList.forEach(ArrayList.java:1511)
... Removed 26 stack frames]]>
    </failure>
  </testcase> <!-- LaunchFacebook -->
  <testcase classname="extentReports.Launch" name="LoginTest" time="5.998"/>
</testsuite> <!-- Test -->
