<?xml version="1.0" encoding="UTF-8"?>
<!-- Generated by org.testng.reporters.JUnitXMLReporter -->
<testsuite ignored="2" hostname="ubuntup51" failures="1" tests="2" name="Test2" time="1.021" errors="0" timestamp="2023-11-20T10:44:24 PST">
  <testcase classname="listeners.TestClass" name="testMethod3" time="1.006">
    <failure type="org.testng.internal.thread.ThreadTimeoutException" message="Method listeners.TestClass.testMethod3() didn&amp;apos;t finish within the time-out 1000">
      <![CDATA[org.testng.internal.thread.ThreadTimeoutException: Method listeners.TestClass.testMethod3() didn't finish within the time-out 1000
at java.base/java.lang.Thread.sleep0(Native Method)
at java.base/java.lang.Thread.sleep(Thread.java:484)
at listeners.TestClass.testMethod3(TestClass.java:28)
at java.base/java.util.concurrent.FutureTask.run(FutureTask.java:317)
at java.base/java.util.concurrent.ThreadPoolExecutor.runWorker(ThreadPoolExecutor.java:1144)
at java.base/java.util.concurrent.ThreadPoolExecutor$Worker.run(ThreadPoolExecutor.java:642)
at java.base/java.lang.Thread.run(Thread.java:1623)
... Removed 6 stack frames]]>
    </failure>
  </testcase> <!-- testMethod3 -->
  <testcase classname="listeners.TestClass" name="testMethod4" time="0.0">
    <skipped/>
  </testcase> <!-- testMethod4 -->
  <testcase classname="listeners.TestClass" name="testMethod2" time="0.0">
    <ignored/>
  </testcase> <!-- testMethod2 -->
  <testcase classname="listeners.TestClass" name="testMethod1" time="0.0">
    <ignored/>
  </testcase> <!-- testMethod1 -->
</testsuite> <!-- Test2 -->
