<?xml version="1.0" encoding="UTF-8"?>
<!-- Generated by org.testng.reporters.JUnitXMLReporter -->
<testsuite ignored="2" hostname="ubuntup51" failures="1" tests="2" name="Test1" time="0.055" errors="0" timestamp="2023-11-20T10:44:23 PST">
  <testcase classname="listeners.TestClass" name="testMethod1" time="0.012"/>
  <testcase classname="listeners.TestClass" name="testMethod2" time="0.002">
    <failure type="java.lang.AssertionError">
      <![CDATA[java.lang.AssertionError: 
at listeners.TestClass.testMethod2(TestClass.java:23)
at java.base/java.util.ArrayList.forEach(ArrayList.java:1511)
... Removed 28 stack frames]]>
    </failure>
  </testcase> <!-- testMethod2 -->
  <testcase classname="listeners.TestClass" name="testMethod4" time="0.0">
    <ignored/>
  </testcase> <!-- testMethod4 -->
  <testcase classname="listeners.TestClass" name="testMethod3" time="0.0">
    <ignored/>
  </testcase> <!-- testMethod3 -->
</testsuite> <!-- Test1 -->
