<?xml version="1.0" encoding="UTF-8"?>
<testng-results ignored="0" total="2" passed="2" failed="0" skipped="0">
  <reporter-output>
  </reporter-output>
  <suite started-at="2023-11-17T08:57:33 PST" name="Default suite" finished-at="2023-11-17T08:57:33 PST" duration-ms="53">
    <groups>
    </groups>
    <test started-at="2023-11-17T08:57:33 PST" name="Default test" finished-at="2023-11-17T08:57:33 PST" duration-ms="53">
      <class name="autoLessons.DP_Objects">
        <test-method signature="arrayTest([Ljava.lang.String;)[pri:0, instance:autoLessons.DP_Objects@2145b572]" started-at="2023-11-17T08:57:33 PST" name="arrayTest" data-provider="dp7" finished-at="2023-11-17T08:57:33 PST" duration-ms="12" status="PASS">
          <params>
            <param index="0">
              <value>
                <![CDATA[[Ljava.lang.String;@55b0dcab]]>
              </value>
            </param>
          </params>
          <reporter-output>
          </reporter-output>
        </test-method> <!-- arrayTest -->
        <test-method signature="arrayTest([Ljava.lang.String;)[pri:0, instance:autoLessons.DP_Objects@2145b572]" started-at="2023-11-17T08:57:33 PST" name="arrayTest" data-provider="dp7" finished-at="2023-11-17T08:57:33 PST" duration-ms="2" status="PASS">
          <params>
            <param index="0">
              <value>
                <![CDATA[[Ljava.lang.String;@131ef10]]>
              </value>
            </param>
          </params>
          <reporter-output>
          </reporter-output>
        </test-method> <!-- arrayTest -->
      </class> <!-- autoLessons.DP_Objects -->
    </test> <!-- Default test -->
  </suite> <!-- Default suite -->
</testng-results>
