<?xml version="1.0" encoding="UTF-8"?>
<testng-results ignored="0" total="3" passed="2" failed="1" skipped="0">
  <reporter-output>
  </reporter-output>
  <suite started-at="2023-11-21T11:46:07 PST" name="Suite" finished-at="2023-11-21T11:46:38 PST" duration-ms="30132">
    <groups>
      <group name="regression">
        <method signature="Launch.OrangeHRMLoginTest(java.lang.String,java.lang.String)[pri:0, instance:extentReports.Launch@510f3d34]" name="OrangeHRMLoginTest" class="extentReports.Launch"/>
        <method signature="Launch.OrangeHRMLoginTest(java.lang.String,java.lang.String)[pri:0, instance:extentReports.Launch@8297b3a]" name="OrangeHRMLoginTest" class="extentReports.Launch"/>
      </group> <!-- regression -->
      <group name="smoke">
        <method signature="Launch.LaunchFacebook()[pri:0, instance:extentReports.Launch@1f2586d6]" name="LaunchFacebook" class="extentReports.Launch"/>
        <method signature="Launch.OrangeHRMLoginTest(java.lang.String,java.lang.String)[pri:0, instance:extentReports.Launch@510f3d34]" name="OrangeHRMLoginTest" class="extentReports.Launch"/>
        <method signature="Launch.OrangeHRMLoginTest(java.lang.String,java.lang.String)[pri:0, instance:extentReports.Launch@8297b3a]" name="OrangeHRMLoginTest" class="extentReports.Launch"/>
      </group> <!-- smoke -->
      <group name="sanity">
        <method signature="Launch.OrangeHRMLoginTest(java.lang.String,java.lang.String)[pri:0, instance:extentReports.Launch@510f3d34]" name="OrangeHRMLoginTest" class="extentReports.Launch"/>
        <method signature="Launch.OrangeHRMLoginTest(java.lang.String,java.lang.String)[pri:0, instance:extentReports.Launch@8297b3a]" name="OrangeHRMLoginTest" class="extentReports.Launch"/>
      </group> <!-- sanity -->
    </groups>
    <test started-at="2023-11-21T11:46:07 PST" name="Facebook" finished-at="2023-11-21T11:46:20 PST" duration-ms="12738">
      <class name="extentReports.Launch">
        <test-method is-config="true" signature="InitializeBrowser(org.testng.ITestContext,java.lang.String)[pri:0, instance:extentReports.Launch@1f2586d6]" started-at="2023-11-21T11:46:07 PST" name="InitializeBrowser" finished-at="2023-11-21T11:46:09 PST" duration-ms="1432" status="PASS">
          <params>
            <param index="0">
              <value>
                <![CDATA[org.testng.TestRunner@de77146]]>
              </value>
            </param>
            <param index="1">
              <value>
                <![CDATA[Chrome]]>
              </value>
            </param>
          </params>
          <reporter-output>
          </reporter-output>
        </test-method> <!-- InitializeBrowser -->
        <test-method signature="LaunchFacebook()[pri:0, instance:extentReports.Launch@1f2586d6]" started-at="2023-11-21T11:46:09 PST" name="LaunchFacebook" finished-at="2023-11-21T11:46:20 PST" duration-ms="11004" status="FAIL">
          <exception class="java.lang.AssertionError">
            <message>
              <![CDATA[Log into Facebook expected:<Log into Facebook> but was:<Title is mismatched>]]>
            </message>
            <full-stacktrace>
              <![CDATA[java.lang.AssertionError: Log into Facebook expected:<Log into Facebook> but was:<Title is mismatched>
at org.testng.AssertJUnit.assertEquals(AssertJUnit.java:115)
at extentReports.Launch.LaunchFacebook(Launch.java:33)
at java.base/jdk.internal.reflect.DirectMethodHandleAccessor.invoke(DirectMethodHandleAccessor.java:104)
at java.base/java.lang.reflect.Method.invoke(Method.java:578)
at org.testng.internal.invokers.MethodInvocationHelper.invokeMethod(MethodInvocationHelper.java:139)
at org.testng.internal.invokers.TestInvoker.invokeMethod(TestInvoker.java:664)
at org.testng.internal.invokers.TestInvoker.invokeTestMethod(TestInvoker.java:227)
at org.testng.internal.invokers.MethodRunner.runInSequence(MethodRunner.java:50)
at org.testng.internal.invokers.TestInvoker$MethodInvocationAgent.invoke(TestInvoker.java:957)
at org.testng.internal.invokers.TestInvoker.invokeTestMethods(TestInvoker.java:200)
at org.testng.internal.invokers.TestMethodWorker.invokeTestMethods(TestMethodWorker.java:148)
at org.testng.internal.invokers.TestMethodWorker.run(TestMethodWorker.java:128)
at java.base/java.util.ArrayList.forEach(ArrayList.java:1511)
at org.testng.TestRunner.privateRun(TestRunner.java:848)
at org.testng.TestRunner.run(TestRunner.java:621)
at org.testng.SuiteRunner.runTest(SuiteRunner.java:443)
at org.testng.SuiteRunner.runSequentially(SuiteRunner.java:437)
at org.testng.SuiteRunner.privateRun(SuiteRunner.java:397)
at org.testng.SuiteRunner.run(SuiteRunner.java:336)
at org.testng.SuiteRunnerWorker.runSuite(SuiteRunnerWorker.java:52)
at org.testng.SuiteRunnerWorker.run(SuiteRunnerWorker.java:95)
at org.testng.TestNG.runSuitesSequentially(TestNG.java:1280)
at org.testng.TestNG.runSuitesLocally(TestNG.java:1200)
at org.testng.TestNG.runSuites(TestNG.java:1114)
at org.testng.TestNG.run(TestNG.java:1082)
at org.testng.remote.AbstractRemoteTestNG.run(AbstractRemoteTestNG.java:115)
at org.testng.remote.RemoteTestNG.initAndRun(RemoteTestNG.java:251)
at org.testng.remote.RemoteTestNG.main(RemoteTestNG.java:77)
]]>
            </full-stacktrace>
          </exception> <!-- java.lang.AssertionError -->
          <reporter-output>
          </reporter-output>
        </test-method> <!-- LaunchFacebook -->
        <test-method is-config="true" signature="checkStatus(java.lang.reflect.Method,org.testng.ITestResult)[pri:0, instance:extentReports.Launch@1f2586d6]" started-at="2023-11-21T11:46:20 PST" name="checkStatus" finished-at="2023-11-21T11:46:20 PST" duration-ms="191" status="PASS">
          <params>
            <param index="0">
              <value>
                <![CDATA[public void extentReports.Launch.LaunchFacebook() throws java.lang.Exception]]>
              </value>
            </param>
            <param index="1">
              <value>
                <![CDATA[[TestResult name=LaunchFacebook status=FAILURE method=Launch.LaunchFacebook()[pri:0, instance:extentReports.Launch@1f2586d6] output={null}]]]>
              </value>
            </param>
          </params>
          <reporter-output>
          </reporter-output>
        </test-method> <!-- checkStatus -->
        <test-method is-config="true" signature="teardown()[pri:0, instance:extentReports.Launch@1f2586d6]" started-at="2023-11-21T11:46:20 PST" name="teardown" finished-at="2023-11-21T11:46:20 PST" duration-ms="78" status="PASS">
          <reporter-output>
          </reporter-output>
        </test-method> <!-- teardown -->
      </class> <!-- extentReports.Launch -->
    </test> <!-- Facebook -->
    <test started-at="2023-11-21T11:46:20 PST" name="OrangeHRM_FireFox" finished-at="2023-11-21T11:46:30 PST" duration-ms="10198">
      <class name="extentReports.Launch">
        <test-method is-config="true" signature="InitializeBrowser(org.testng.ITestContext,java.lang.String)[pri:0, instance:extentReports.Launch@510f3d34]" started-at="2023-11-21T11:46:20 PST" name="InitializeBrowser" finished-at="2023-11-21T11:46:23 PST" duration-ms="2520" status="PASS">
          <params>
            <param index="0">
              <value>
                <![CDATA[org.testng.TestRunner@691567ea]]>
              </value>
            </param>
            <param index="1">
              <value>
                <![CDATA[Firefox]]>
              </value>
            </param>
          </params>
          <reporter-output>
          </reporter-output>
        </test-method> <!-- InitializeBrowser -->
        <test-method signature="OrangeHRMLoginTest(java.lang.String,java.lang.String)[pri:0, instance:extentReports.Launch@510f3d34]" started-at="2023-11-21T11:46:23 PST" name="OrangeHRMLoginTest" data-provider="loginTestData" finished-at="2023-11-21T11:46:30 PST" duration-ms="7669" status="PASS">
          <params>
            <param index="0">
              <value>
                <![CDATA[Admin]]>
              </value>
            </param>
            <param index="1">
              <value>
                <![CDATA[admin123]]>
              </value>
            </param>
          </params>
          <reporter-output>
          </reporter-output>
        </test-method> <!-- OrangeHRMLoginTest -->
        <test-method is-config="true" signature="checkStatus(java.lang.reflect.Method,org.testng.ITestResult)[pri:0, instance:extentReports.Launch@510f3d34]" started-at="2023-11-21T11:46:30 PST" name="checkStatus" finished-at="2023-11-21T11:46:30 PST" duration-ms="1" status="PASS">
          <params>
            <param index="0">
              <value>
                <![CDATA[public void extentReports.Launch.OrangeHRMLoginTest(java.lang.String,java.lang.String) throws java.lang.Exception]]>
              </value>
            </param>
            <param index="1">
              <value>
                <![CDATA[[TestResult name=OrangeHRMLoginTest status=SUCCESS method=Launch.OrangeHRMLoginTest(java.lang.String,java.lang.String)[pri:0, instance:extentReports.Launch@510f3d34] output={null}]]]>
              </value>
            </param>
          </params>
          <reporter-output>
          </reporter-output>
        </test-method> <!-- checkStatus -->
        <test-method is-config="true" signature="teardown()[pri:0, instance:extentReports.Launch@510f3d34]" started-at="2023-11-21T11:46:30 PST" name="teardown" finished-at="2023-11-21T11:46:30 PST" duration-ms="0" status="PASS">
          <reporter-output>
          </reporter-output>
        </test-method> <!-- teardown -->
      </class> <!-- extentReports.Launch -->
    </test> <!-- OrangeHRM_FireFox -->
    <test started-at="2023-11-21T11:46:30 PST" name="OrangeHRM_Edge" finished-at="2023-11-21T11:46:38 PST" duration-ms="7182">
      <class name="extentReports.Launch">
        <test-method is-config="true" signature="initialiseExtentReports()[pri:0, instance:extentReports.Launch@8297b3a]" started-at="2023-11-21T11:46:07 PST" name="initialiseExtentReports" finished-at="2023-11-21T11:46:07 PST" duration-ms="536" status="PASS">
          <reporter-output>
          </reporter-output>
        </test-method> <!-- initialiseExtentReports -->
        <test-method is-config="true" signature="InitializeBrowser(org.testng.ITestContext,java.lang.String)[pri:0, instance:extentReports.Launch@8297b3a]" started-at="2023-11-21T11:46:30 PST" name="InitializeBrowser" finished-at="2023-11-21T11:46:32 PST" duration-ms="1717" status="PASS">
          <params>
            <param index="0">
              <value>
                <![CDATA[org.testng.TestRunner@5cfed0ba]]>
              </value>
            </param>
            <param index="1">
              <value>
                <![CDATA[Edge]]>
              </value>
            </param>
          </params>
          <reporter-output>
          </reporter-output>
        </test-method> <!-- InitializeBrowser -->
        <test-method signature="OrangeHRMLoginTest(java.lang.String,java.lang.String)[pri:0, instance:extentReports.Launch@8297b3a]" started-at="2023-11-21T11:46:32 PST" name="OrangeHRMLoginTest" data-provider="loginTestData" finished-at="2023-11-21T11:46:38 PST" duration-ms="5456" status="PASS">
          <params>
            <param index="0">
              <value>
                <![CDATA[Admin]]>
              </value>
            </param>
            <param index="1">
              <value>
                <![CDATA[admin123]]>
              </value>
            </param>
          </params>
          <reporter-output>
          </reporter-output>
        </test-method> <!-- OrangeHRMLoginTest -->
        <test-method is-config="true" signature="checkStatus(java.lang.reflect.Method,org.testng.ITestResult)[pri:0, instance:extentReports.Launch@8297b3a]" started-at="2023-11-21T11:46:38 PST" name="checkStatus" finished-at="2023-11-21T11:46:38 PST" duration-ms="1" status="PASS">
          <params>
            <param index="0">
              <value>
                <![CDATA[public void extentReports.Launch.OrangeHRMLoginTest(java.lang.String,java.lang.String) throws java.lang.Exception]]>
              </value>
            </param>
            <param index="1">
              <value>
                <![CDATA[[TestResult name=OrangeHRMLoginTest status=SUCCESS method=Launch.OrangeHRMLoginTest(java.lang.String,java.lang.String)[pri:0, instance:extentReports.Launch@8297b3a] output={null}]]]>
              </value>
            </param>
          </params>
          <reporter-output>
          </reporter-output>
        </test-method> <!-- checkStatus -->
        <test-method is-config="true" signature="teardown()[pri:0, instance:extentReports.Launch@8297b3a]" started-at="2023-11-21T11:46:38 PST" name="teardown" finished-at="2023-11-21T11:46:38 PST" duration-ms="1" status="PASS">
          <reporter-output>
          </reporter-output>
        </test-method> <!-- teardown -->
        <test-method is-config="true" signature="generateExtentReports()[pri:0, instance:extentReports.Launch@8297b3a]" started-at="2023-11-21T11:46:38 PST" name="generateExtentReports" finished-at="2023-11-21T11:46:38 PST" duration-ms="439" status="PASS">
          <reporter-output>
          </reporter-output>
        </test-method> <!-- generateExtentReports -->
      </class> <!-- extentReports.Launch -->
    </test> <!-- OrangeHRM_Edge -->
  </suite> <!-- Suite -->
</testng-results>
